2023-06-13 20:47:13,615 INFO - Starting daily calendar update
2023-06-13 20:47:13,624 INFO - Invalid time sync command
2023-06-13 20:47:13,630 INFO - Invalid battery output
2023-06-13 20:47:13,631 INFO - Battery level at start: -1.000
2023-06-13 20:47:13,631 INFO - Time synchronised to 2023-06-14 11:47:13.631253+08:00
2023-06-13 20:47:13,631 INFO - Calendar events retrieved in 0:00:00.000001
2023-06-13 20:47:31,732 INFO - Screenshot captured and saved to file.
2023-06-13 20:47:32,310 INFO - Image colours processed. Extracted grayscale and red images.
2023-06-13 20:47:32,320 INFO - Invalid battery output
2023-06-13 20:47:32,320 INFO - Battery level at end: -1.000
2023-06-13 20:47:32,320 INFO - Completed daily calendar update
2023-06-13 20:47:32,320 INFO - Checking if configured to shutdown safely - Current hour: 11
2023-06-13 20:49:15,738 INFO - Starting daily calendar update
2023-06-13 20:49:15,738 ERROR - name 'PowerHelper' is not defined
2023-06-13 20:49:15,738 INFO - Completed daily calendar update
2023-06-13 20:50:01,317 INFO - Starting daily calendar update
2023-06-13 20:50:01,317 INFO - Battery level at start: 100.000
2023-06-13 20:50:01,317 INFO - Time synchronised to 2023-06-14 11:50:01.317559+08:00
2023-06-13 20:50:01,317 INFO - Calendar events retrieved in 0:00:00.000002
2023-06-13 20:50:03,093 INFO - Screenshot captured and saved to file.
2023-06-13 20:50:03,675 INFO - Image colours processed. Extracted grayscale and red images.
2023-06-13 20:50:03,677 INFO - Battery level at end: 100.000
2023-06-13 20:50:03,677 INFO - Completed daily calendar update
2023-06-13 20:50:03,677 INFO - Checking if configured to shutdown safely - Current hour: 11
2023-06-13 21:02:54,563 INFO - Starting daily calendar update
2023-06-13 21:02:54,563 INFO - Battery level at start: 100.000
2023-06-13 21:02:54,563 INFO - Time synchronised to 2023-06-13 21:02:54.563126-07:00
2023-06-13 21:02:54,563 INFO - Calendar events retrieved in 0:00:00.000001
2023-06-13 21:02:56,357 INFO - Screenshot captured and saved to file.
2023-06-13 21:02:56,926 INFO - Image colours processed. Extracted grayscale and red images.
2023-06-13 21:02:56,928 INFO - Battery level at end: 100.000
2023-06-13 21:02:56,928 INFO - Completed daily calendar update
2023-06-13 21:02:56,928 INFO - Checking if configured to shutdown safely - Current hour: 21
2023-06-13 22:40:27,228 INFO - Starting daily calendar update
2023-06-13 22:40:27,228 INFO - Battery level at start: 100.000
2023-06-13 22:40:27,228 INFO - Time synchronised to 2023-06-13 22:40:27.228879-07:00
2023-06-13 22:40:27,228 INFO - Calendar events retrieved in 0:00:00.000001
2023-06-13 22:40:29,007 INFO - Screenshot captured and saved to file.
2023-06-13 22:40:29,585 INFO - Image colours processed. Extracted grayscale and red images.
2023-06-13 22:40:29,587 INFO - Battery level at end: 100.000
2023-06-13 22:40:29,587 INFO - Completed daily calendar update
2023-06-13 22:40:29,587 INFO - Checking if configured to shutdown safely - Current hour: 22
2023-06-13 22:41:29,286 INFO - Starting daily calendar update
2023-06-13 22:41:29,286 INFO - Battery level at start: 100.000
2023-06-13 22:41:29,286 INFO - Time synchronised to 2023-06-13 22:41:29.286874-07:00
2023-06-13 22:41:29,286 INFO - Calendar events retrieved in 0:00:00.000001
2023-06-13 22:41:31,082 INFO - Screenshot captured and saved to file.
2023-06-13 22:41:31,655 INFO - Image colours processed. Extracted grayscale and red images.
2023-06-13 22:41:31,658 INFO - Battery level at end: 100.000
2023-06-13 22:41:31,658 INFO - Completed daily calendar update
2023-06-13 22:41:31,658 INFO - Checking if configured to shutdown safely - Current hour: 22
2023-06-13 22:44:16,237 INFO - Starting daily calendar update
2023-06-13 22:44:16,237 INFO - Battery level at start: 100.000
2023-06-13 22:44:16,237 INFO - Time synchronised to 2023-06-13 22:44:16.237422-07:00
2023-06-13 22:44:16,237 INFO - Calendar events retrieved in 0:00:00.000001
2023-06-13 22:44:17,994 INFO - Screenshot captured and saved to file.
2023-06-13 22:44:18,575 INFO - Image colours processed. Extracted grayscale and red images.
2023-06-13 22:44:18,577 INFO - Battery level at end: 100.000
2023-06-13 22:44:18,577 INFO - Completed daily calendar update
2023-06-13 22:44:18,577 INFO - Checking if configured to shutdown safely - Current hour: 22
2023-06-13 22:55:38,635 INFO - Starting daily calendar update
2023-06-13 22:55:38,635 INFO - Battery level at start: 100.000
2023-06-13 22:55:38,635 INFO - Time synchronised to 2023-06-13 22:55:38.635115-07:00
2023-06-13 22:55:38,635 INFO - Calendar events retrieved in 0:00:00.000001
2023-06-13 22:55:40,432 INFO - Screenshot captured and saved to file.
2023-06-13 22:55:41,014 INFO - Image colours processed. Extracted grayscale and red images.
2023-06-13 22:55:41,015 INFO - Battery level at end: 100.000
2023-06-13 22:55:41,016 INFO - Completed daily calendar update
2023-06-13 22:55:41,016 INFO - Checking if configured to shutdown safely - Current hour: 22
2023-06-13 22:56:05,458 INFO - Starting daily calendar update
2023-06-13 22:56:05,458 INFO - Battery level at start: 100.000
2023-06-13 22:56:05,458 INFO - Time synchronised to 2023-06-13 22:56:05.458250-07:00
2023-06-13 22:56:05,458 INFO - Calendar events retrieved in 0:00:00.000001
2023-06-13 22:56:07,222 INFO - Screenshot captured and saved to file.
2023-06-13 22:56:07,802 INFO - Image colours processed. Extracted grayscale and red images.
2023-06-13 22:56:07,804 INFO - Battery level at end: 100.000
2023-06-13 22:56:07,804 INFO - Completed daily calendar update
2023-06-13 22:56:07,804 INFO - Checking if configured to shutdown safely - Current hour: 22
2023-06-13 22:56:28,431 INFO - Starting daily calendar update
2023-06-13 22:56:28,431 INFO - Battery level at start: 100.000
2023-06-13 22:56:28,431 INFO - Time synchronised to 2023-06-13 22:56:28.431541-07:00
2023-06-13 22:56:28,431 INFO - Calendar events retrieved in 0:00:00.000001
2023-06-13 22:56:30,373 INFO - Screenshot captured and saved to file.
2023-06-13 22:56:30,947 INFO - Image colours processed. Extracted grayscale and red images.
2023-06-13 22:56:30,948 INFO - Battery level at end: 100.000
2023-06-13 22:56:30,949 INFO - Completed daily calendar update
2023-06-13 22:56:30,949 INFO - Checking if configured to shutdown safely - Current hour: 22
2023-06-13 22:56:39,790 INFO - Starting daily calendar update
2023-06-13 22:56:39,790 INFO - Battery level at start: 100.000
2023-06-13 22:56:39,790 INFO - Time synchronised to 2023-06-13 22:56:39.790444-07:00
2023-06-13 22:56:39,790 INFO - Calendar events retrieved in 0:00:00.000001
2023-06-13 22:56:41,584 INFO - Screenshot captured and saved to file.
2023-06-13 22:56:42,155 INFO - Image colours processed. Extracted grayscale and red images.
2023-06-13 22:56:42,157 INFO - Battery level at end: 100.000
2023-06-13 22:56:42,157 INFO - Completed daily calendar update
2023-06-13 22:56:42,157 INFO - Checking if configured to shutdown safely - Current hour: 22
2023-06-13 23:05:42,984 INFO - Starting daily calendar update
2023-06-13 23:05:42,984 INFO - Battery level at start: 100.000
2023-06-13 23:05:42,984 INFO - Time synchronised to 2023-06-13 23:05:42.984867-07:00
2023-06-13 23:05:42,984 INFO - Calendar events retrieved in 0:00:00
2023-06-13 23:05:44,776 INFO - Screenshot captured and saved to file.
2023-06-13 23:05:45,362 INFO - Image colours processed. Extracted grayscale and red images.
2023-06-13 23:05:45,364 INFO - Battery level at end: 100.000
2023-06-13 23:05:45,364 INFO - Completed daily calendar update
2023-06-13 23:05:45,364 INFO - Checking if configured to shutdown safely - Current hour: 23
2023-06-13 23:07:13,441 INFO - Starting daily calendar update
2023-06-13 23:07:13,441 INFO - Battery level at start: 100.000
2023-06-13 23:07:13,442 INFO - Time synchronised to 2023-06-13 23:07:13.441986-07:00
2023-06-13 23:07:13,442 INFO - Calendar events retrieved in 0:00:00.000001
2023-06-13 23:07:13,442 ERROR - 'forcastImage'
2023-06-13 23:07:13,442 INFO - Completed daily calendar update
2023-06-13 23:07:13,442 INFO - Checking if configured to shutdown safely - Current hour: 23
2023-06-13 23:07:48,359 INFO - Starting daily calendar update
2023-06-13 23:07:48,359 INFO - Battery level at start: 100.000
2023-06-13 23:07:48,359 INFO - Time synchronised to 2023-06-13 23:07:48.359822-07:00
2023-06-13 23:07:48,359 INFO - Calendar events retrieved in 0:00:00.000001
2023-06-13 23:07:50,129 INFO - Screenshot captured and saved to file.
2023-06-13 23:07:50,697 INFO - Image colours processed. Extracted grayscale and red images.
2023-06-13 23:07:50,699 INFO - Battery level at end: 100.000
2023-06-13 23:07:50,699 INFO - Completed daily calendar update
2023-06-13 23:07:50,699 INFO - Checking if configured to shutdown safely - Current hour: 23
2023-06-13 23:08:46,623 INFO - Starting daily calendar update
2023-06-13 23:08:46,623 INFO - Battery level at start: 100.000
2023-06-13 23:08:46,623 INFO - Time synchronised to 2023-06-13 23:08:46.623747-07:00
2023-06-13 23:08:46,623 INFO - Calendar events retrieved in 0:00:00.000001
2023-06-13 23:08:48,410 INFO - Screenshot captured and saved to file.
2023-06-13 23:08:48,996 INFO - Image colours processed. Extracted grayscale and red images.
2023-06-13 23:08:48,997 INFO - Battery level at end: 100.000
2023-06-13 23:08:48,998 INFO - Completed daily calendar update
2023-06-13 23:08:48,998 INFO - Checking if configured to shutdown safely - Current hour: 23
2023-06-14 13:45:33,339 INFO - Starting daily calendar update
2023-06-14 13:45:33,339 INFO - Battery level at start: 100.000
2023-06-14 13:45:33,339 INFO - Time synchronised to 2023-06-14 13:45:33.339358-07:00
2023-06-14 13:45:33,339 ERROR - name 'CalHelper' is not defined
2023-06-14 13:45:33,339 INFO - Completed daily calendar update
2023-06-14 13:45:33,339 INFO - Checking if configured to shutdown safely - Current hour: 13
2023-06-14 13:46:05,720 INFO - Starting daily calendar update
2023-06-14 13:46:05,720 INFO - Battery level at start: 100.000
2023-06-14 13:46:05,720 INFO - Time synchronised to 2023-06-14 13:46:05.720967-07:00
2023-06-14 13:46:05,721 ERROR - name 'logging' is not defined
2023-06-14 13:46:05,721 INFO - Completed daily calendar update
2023-06-14 13:46:05,721 INFO - Checking if configured to shutdown safely - Current hour: 13
2023-06-14 13:47:08,758 INFO - Starting daily calendar update
2023-06-14 13:47:08,759 INFO - Battery level at start: 100.000
2023-06-14 13:47:08,759 INFO - Time synchronised to 2023-06-14 13:47:08.759118-07:00
2023-06-14 13:47:08,759 ERROR - name 'logging' is not defined
2023-06-14 13:47:08,759 INFO - Completed daily calendar update
2023-06-14 13:47:08,759 INFO - Checking if configured to shutdown safely - Current hour: 13
2023-06-14 13:48:02,022 INFO - Starting daily calendar update
2023-06-14 13:48:02,022 INFO - Battery level at start: 100.000
2023-06-14 13:48:02,023 INFO - Time synchronised to 2023-06-14 13:48:02.023016-07:00
2023-06-14 13:48:02,023 ERROR - name 'calendar' is not defined
2023-06-14 13:48:02,023 INFO - Completed daily calendar update
2023-06-14 13:48:02,023 INFO - Checking if configured to shutdown safely - Current hour: 13
2023-06-14 13:48:29,253 INFO - Starting daily calendar update
2023-06-14 13:48:29,253 INFO - Battery level at start: 100.000
2023-06-14 13:48:29,253 INFO - Time synchronised to 2023-06-14 13:48:29.253725-07:00
2023-06-14 13:48:29,253 ERROR - name 'calendar' is not defined
2023-06-14 13:48:29,253 INFO - Completed daily calendar update
2023-06-14 13:48:29,253 INFO - Checking if configured to shutdown safely - Current hour: 13
2023-06-14 13:49:04,946 INFO - Starting daily calendar update
2023-06-14 13:49:04,946 INFO - Battery level at start: 100.000
2023-06-14 13:49:04,946 INFO - Time synchronised to 2023-06-14 13:49:04.946168-07:00
2023-06-14 13:50:08,292 INFO - Starting daily calendar update
2023-06-14 13:50:08,292 INFO - Battery level at start: 100.000
2023-06-14 13:50:08,292 INFO - Time synchronised to 2023-06-14 13:50:08.292434-07:00
2023-06-14 13:50:41,296 INFO - Starting daily calendar update
2023-06-14 13:50:41,296 INFO - Battery level at start: 100.000
2023-06-14 13:50:41,296 INFO - Time synchronised to 2023-06-14 13:50:41.296741-07:00
2023-06-14 13:51:51,346 INFO - Starting daily calendar update
2023-06-14 13:51:51,346 INFO - Battery level at start: 100.000
2023-06-14 13:53:00,968 INFO - Starting daily calendar update
2023-06-14 13:53:00,968 INFO - Battery level at start: 100.000
2023-06-14 13:53:00,968 INFO - Time synchronised to 2023-06-14 13:53:00.968747-07:00
2023-06-14 13:53:41,552 INFO - Starting daily calendar update
2023-06-14 13:53:41,552 INFO - Battery level at start: 100.000
2023-06-14 13:53:41,552 INFO - Time synchronised to 2023-06-14 13:53:41.552455-07:00
2023-06-14 13:54:21,159 INFO - Starting daily calendar update
2023-06-14 13:54:21,160 INFO - Battery level at start: 100.000
2023-06-14 13:54:21,160 INFO - Time synchronised to 2023-06-14 13:54:21.160106-07:00
2023-06-14 13:55:39,264 INFO - Starting daily calendar update
2023-06-14 13:55:39,264 INFO - Battery level at start: 100.000
2023-06-14 13:55:39,264 INFO - Time synchronised to 2023-06-14 13:55:39.264633-07:00
2023-06-14 13:55:39,490 INFO - Calendar events retrieved in 0:00:00.226107
2023-06-14 13:55:41,864 INFO - Screenshot captured and saved to file.
2023-06-14 13:55:42,446 INFO - Image colours processed. Extracted grayscale and red images.
2023-06-14 13:55:42,452 INFO - Battery level at end: 100.000
2023-06-14 13:56:25,773 INFO - Starting daily calendar update
2023-06-14 13:56:25,773 INFO - Battery level at start: 100.000
2023-06-14 13:56:25,773 INFO - Time synchronised to 2023-06-14 13:56:25.773306-07:00
2023-06-14 13:56:26,047 INFO - Calendar events retrieved in 0:00:00.273756
2023-06-14 13:56:27,810 INFO - Screenshot captured and saved to file.
2023-06-14 13:56:28,381 INFO - Image colours processed. Extracted grayscale and red images.
2023-06-14 13:56:28,383 INFO - Battery level at end: 100.000
2023-06-14 13:57:12,563 INFO - Starting daily calendar update
2023-06-14 13:57:12,563 INFO - Battery level at start: 100.000
2023-06-14 13:57:12,563 INFO - Time synchronised to 2023-06-14 13:57:12.563494-07:00
2023-06-14 13:57:12,762 INFO - Calendar events retrieved in 0:00:00.198471
2023-06-14 13:57:30,448 INFO - Starting daily calendar update
2023-06-14 13:57:30,449 INFO - Battery level at start: 100.000
2023-06-14 13:57:30,449 INFO - Time synchronised to 2023-06-14 13:57:30.449040-07:00
2023-06-14 13:57:30,621 INFO - Calendar events retrieved in 0:00:00.172756
2023-06-14 13:57:43,380 INFO - Starting daily calendar update
2023-06-14 13:57:43,380 INFO - Battery level at start: 100.000
2023-06-14 13:57:43,380 INFO - Time synchronised to 2023-06-14 13:57:43.380784-07:00
2023-06-14 13:57:43,557 INFO - Calendar events retrieved in 0:00:00.176275
2023-06-14 13:58:33,281 INFO - Starting daily calendar update
2023-06-14 13:58:33,281 INFO - Battery level at start: 100.000
2023-06-14 13:58:33,281 INFO - Time synchronised to 2023-06-14 13:58:33.281912-07:00
2023-06-14 13:58:33,487 INFO - Calendar events retrieved in 0:00:00.205093
2023-06-14 14:00:16,624 INFO - Starting daily calendar update
2023-06-14 14:00:16,624 INFO - Battery level at start: 100.000
2023-06-14 14:00:16,624 INFO - Time synchronised to 2023-06-14 14:00:16.624240-07:00
2023-06-14 14:00:16,835 INFO - Calendar events retrieved in 0:00:00.211125
2023-06-14 14:08:01,819 INFO - Starting daily calendar update
2023-06-14 14:08:01,819 INFO - Battery level at start: 100.000
2023-06-14 14:08:01,819 INFO - Time synchronised to 2023-06-14 14:08:01.819666-07:00
2023-06-14 14:08:02,047 INFO - Calendar events retrieved in 0:00:00.227478
2023-06-14 14:09:51,453 INFO - Starting daily calendar update
2023-06-14 14:09:51,453 INFO - Battery level at start: 100.000
2023-06-14 14:09:51,453 INFO - Time synchronised to 2023-06-14 14:09:51.453560-07:00
2023-06-14 14:09:51,652 INFO - Calendar events retrieved in 0:00:00.198825
2023-06-14 14:11:04,761 INFO - Starting daily calendar update
2023-06-14 14:11:04,761 INFO - Battery level at start: 100.000
2023-06-14 14:11:04,761 INFO - Time synchronised to 2023-06-14 14:11:04.761315-07:00
2023-06-14 14:12:20,056 INFO - Starting daily calendar update
2023-06-14 14:12:20,056 INFO - Battery level at start: 100.000
2023-06-14 14:12:20,056 INFO - Time synchronised to 2023-06-14 14:12:20.056512-07:00
2023-06-14 14:12:53,341 INFO - Starting daily calendar update
2023-06-14 14:12:53,341 INFO - Battery level at start: 100.000
2023-06-14 14:12:53,341 INFO - Time synchronised to 2023-06-14 14:12:53.341677-07:00
2023-06-14 14:13:21,991 INFO - Starting daily calendar update
2023-06-14 14:13:21,991 INFO - Battery level at start: 100.000
2023-06-14 14:13:21,991 INFO - Time synchronised to 2023-06-14 14:13:21.991813-07:00
2023-06-14 14:13:37,215 INFO - Starting daily calendar update
2023-06-14 14:13:37,215 INFO - Battery level at start: 100.000
2023-06-14 14:13:37,215 INFO - Time synchronised to 2023-06-14 14:13:37.215818-07:00
2023-06-14 14:13:48,519 INFO - Starting daily calendar update
2023-06-14 14:13:48,519 INFO - Battery level at start: 100.000
2023-06-14 14:13:48,519 INFO - Time synchronised to 2023-06-14 14:13:48.519469-07:00
2023-06-14 14:14:06,681 INFO - Starting daily calendar update
2023-06-14 14:14:06,681 INFO - Battery level at start: 100.000
2023-06-14 14:14:06,681 INFO - Time synchronised to 2023-06-14 14:14:06.681317-07:00
2023-06-14 14:14:38,436 INFO - Starting daily calendar update
2023-06-14 14:14:38,436 INFO - Battery level at start: 100.000
2023-06-14 14:14:38,436 INFO - Time synchronised to 2023-06-14 14:14:38.436142-07:00
2023-06-14 14:14:38,610 INFO - Calendar events retrieved in 0:00:00.174324
2023-06-14 14:15:14,782 INFO - Starting daily calendar update
2023-06-14 14:15:14,782 INFO - Battery level at start: 100.000
2023-06-14 14:15:14,782 INFO - Time synchronised to 2023-06-14 14:15:14.782209-07:00
2023-06-14 14:15:14,983 INFO - Calendar events retrieved in 0:00:00.200923
2023-06-14 14:15:23,738 INFO - Starting daily calendar update
2023-06-14 14:15:23,738 INFO - Battery level at start: 100.000
2023-06-14 14:15:23,738 INFO - Time synchronised to 2023-06-14 14:15:23.738369-07:00
2023-06-14 14:15:23,920 INFO - Calendar events retrieved in 0:00:00.182401
2023-06-14 14:15:51,735 INFO - Starting daily calendar update
2023-06-14 14:15:51,736 INFO - Battery level at start: 100.000
2023-06-14 14:15:51,736 INFO - Time synchronised to 2023-06-14 14:15:51.736097-07:00
2023-06-14 14:15:51,907 INFO - Calendar events retrieved in 0:00:00.171101
2023-06-14 14:15:54,215 INFO - Screenshot captured and saved to file.
2023-06-14 14:15:54,798 INFO - Image colours processed. Extracted grayscale and red images.
2023-06-14 14:15:54,806 INFO - Battery level at end: 100.000
2023-06-14 14:16:48,066 INFO - Starting daily calendar update
2023-06-14 14:16:48,066 INFO - Battery level at start: 100.000
2023-06-14 14:16:48,066 INFO - Time synchronised to 2023-06-14 14:16:48.066358-07:00
2023-06-14 14:16:48,281 INFO - Calendar events retrieved in 0:00:00.214921
2023-06-14 14:16:50,599 INFO - Screenshot captured and saved to file.
2023-06-14 14:16:51,174 INFO - Image colours processed. Extracted grayscale and red images.
2023-06-14 14:16:51,176 INFO - Battery level at end: 100.000
2023-06-14 14:17:28,956 INFO - Starting daily calendar update
2023-06-14 14:17:28,956 INFO - Battery level at start: 100.000
2023-06-14 14:17:28,956 INFO - Time synchronised to 2023-06-14 14:17:28.956126-07:00
2023-06-14 14:17:29,167 INFO - Calendar events retrieved in 0:00:00.211364
2023-06-14 14:17:31,448 INFO - Screenshot captured and saved to file.
2023-06-14 14:17:32,036 INFO - Image colours processed. Extracted grayscale and red images.
2023-06-14 14:17:32,038 INFO - Battery level at end: 100.000
2023-06-14 14:17:48,147 INFO - Starting daily calendar update
2023-06-14 14:17:48,147 INFO - Battery level at start: 100.000
2023-06-14 14:17:48,147 INFO - Time synchronised to 2023-06-14 14:17:48.147652-07:00
2023-06-14 14:17:48,329 INFO - Calendar events retrieved in 0:00:00.182156
2023-06-14 14:17:50,654 INFO - Screenshot captured and saved to file.
2023-06-14 14:17:51,227 INFO - Image colours processed. Extracted grayscale and red images.
2023-06-14 14:17:51,229 INFO - Battery level at end: 100.000
2023-06-14 14:19:29,670 INFO - Starting daily calendar update
2023-06-14 14:19:29,670 INFO - Battery level at start: 100.000
2023-06-14 14:19:29,670 INFO - Time synchronised to 2023-06-14 14:19:29.670634-07:00
2023-06-14 14:19:29,890 INFO - Calendar events retrieved in 0:00:00.219604
2023-06-14 14:20:18,862 INFO - Starting daily calendar update
2023-06-14 14:20:18,862 INFO - Battery level at start: 100.000
2023-06-14 14:20:18,862 INFO - Time synchronised to 2023-06-14 14:20:18.862316-07:00
2023-06-14 14:20:19,156 INFO - Calendar events retrieved in 0:00:00.294365
2023-06-14 14:20:21,476 INFO - Screenshot captured and saved to file.
2023-06-14 14:20:22,061 INFO - Image colours processed. Extracted grayscale and red images.
2023-06-14 14:20:22,062 INFO - Battery level at end: 100.000
2023-06-14 14:22:35,495 INFO - Starting daily calendar update
2023-06-14 14:22:35,495 INFO - Battery level at start: 100.000
2023-06-14 14:22:35,496 INFO - Time synchronised to 2023-06-14 14:22:35.496032-07:00
2023-06-14 14:22:35,709 INFO - Calendar events retrieved in 0:00:00.213436
2023-06-14 14:22:38,330 INFO - Screenshot captured and saved to file.
2023-06-14 14:22:38,904 INFO - Image colours processed. Extracted grayscale and red images.
2023-06-14 14:22:38,906 INFO - Battery level at end: 100.000
2023-06-14 14:25:07,786 INFO - Starting daily calendar update
2023-06-14 14:25:07,786 INFO - Battery level at start: 100.000
2023-06-14 14:25:07,786 INFO - Time synchronised to 2023-06-14 14:25:07.786929-07:00
2023-06-14 14:25:07,987 INFO - Calendar events retrieved in 0:00:00.200115
2023-06-14 14:25:10,326 INFO - Screenshot captured and saved to file.
2023-06-14 14:25:10,896 INFO - Image colours processed. Extracted grayscale and red images.
2023-06-14 14:25:10,898 INFO - Battery level at end: 100.000
2023-06-14 14:25:44,041 INFO - Starting daily calendar update
2023-06-14 14:25:44,041 INFO - Battery level at start: 100.000
2023-06-14 14:25:44,041 INFO - Time synchronised to 2023-06-14 14:25:44.041303-07:00
2023-06-14 14:25:44,245 INFO - Calendar events retrieved in 0:00:00.203791
2023-06-14 14:25:46,559 INFO - Screenshot captured and saved to file.
2023-06-14 14:25:47,130 INFO - Image colours processed. Extracted grayscale and red images.
2023-06-14 14:25:47,132 INFO - Battery level at end: 100.000
2023-06-14 14:26:40,715 INFO - Starting daily calendar update
2023-06-14 14:26:40,715 INFO - Battery level at start: 100.000
2023-06-14 14:26:40,715 INFO - Time synchronised to 2023-06-14 14:26:40.715267-07:00
2023-06-14 14:26:40,921 INFO - Calendar events retrieved in 0:00:00.206532
2023-06-14 14:26:43,268 INFO - Screenshot captured and saved to file.
2023-06-14 14:26:43,845 INFO - Image colours processed. Extracted grayscale and red images.
2023-06-14 14:26:43,847 INFO - Battery level at end: 100.000
2023-06-14 14:28:15,372 INFO - Starting daily calendar update
2023-06-14 14:28:15,372 INFO - Battery level at start: 100.000
2023-06-14 14:28:15,372 INFO - Time synchronised to 2023-06-14 14:28:15.372753-07:00
2023-06-14 14:28:15,574 INFO - Calendar events retrieved in 0:00:00.201246
2023-06-14 14:28:17,906 INFO - Screenshot captured and saved to file.
2023-06-14 14:28:18,494 INFO - Image colours processed. Extracted grayscale and red images.
2023-06-14 14:28:18,500 INFO - Battery level at end: 100.000
2023-06-14 14:28:18,500 INFO - Completed daily calendar update
2023-06-14 14:28:18,500 INFO - Checking if configured to shutdown safely - Current hour: 14
2023-06-14 14:28:22,335 INFO - Starting daily calendar update
2023-06-14 14:28:22,335 INFO - Battery level at start: 100.000
2023-06-14 14:28:22,335 INFO - Time synchronised to 2023-06-14 14:28:22.335425-07:00
2023-06-14 14:28:22,497 INFO - Calendar events retrieved in 0:00:00.161712
2023-06-14 14:28:24,837 INFO - Screenshot captured and saved to file.
2023-06-14 14:28:25,413 INFO - Image colours processed. Extracted grayscale and red images.
2023-06-14 14:28:25,414 INFO - Battery level at end: 100.000
2023-06-14 14:28:25,414 INFO - Completed daily calendar update
2023-06-14 14:28:25,414 INFO - Checking if configured to shutdown safely - Current hour: 14
2023-06-14 14:30:04,917 INFO - Starting daily calendar update
2023-06-14 14:30:04,917 INFO - Battery level at start: 100.000
2023-06-14 14:30:04,917 INFO - Time synchronised to 2023-06-14 14:30:04.917235-07:00
2023-06-14 14:30:05,146 INFO - Calendar events retrieved in 0:00:00.229116
2023-06-14 14:30:07,471 INFO - Screenshot captured and saved to file.
2023-06-14 14:30:08,052 INFO - Image colours processed. Extracted grayscale and red images.
2023-06-14 14:30:08,054 INFO - Battery level at end: 100.000
2023-06-14 14:30:08,054 INFO - Completed daily calendar update
2023-06-14 14:30:08,054 INFO - Checking if configured to shutdown safely - Current hour: 14
2023-06-14 14:32:02,486 INFO - Starting daily calendar update
2023-06-14 14:32:02,487 INFO - Battery level at start: 100.000
2023-06-14 14:32:02,487 INFO - Time synchronised to 2023-06-14 14:32:02.487087-07:00
2023-06-14 14:32:02,706 INFO - Calendar events retrieved in 0:00:00.219572
2023-06-14 14:32:04,782 INFO - Screenshot captured and saved to file.
2023-06-14 14:32:05,357 INFO - Image colours processed. Extracted grayscale and red images.
2023-06-14 14:32:05,359 INFO - Battery level at end: 100.000
2023-06-14 14:32:05,359 INFO - Completed daily calendar update
2023-06-14 14:32:05,359 INFO - Checking if configured to shutdown safely - Current hour: 14
2023-06-14 14:32:30,423 INFO - Starting daily calendar update
2023-06-14 14:32:30,423 INFO - Battery level at start: 100.000
2023-06-14 14:32:30,423 INFO - Time synchronised to 2023-06-14 14:32:30.423380-07:00
2023-06-14 14:32:30,639 INFO - Calendar events retrieved in 0:00:00.215670
2023-06-14 14:32:32,940 INFO - Screenshot captured and saved to file.
2023-06-14 14:32:33,517 INFO - Image colours processed. Extracted grayscale and red images.
2023-06-14 14:32:33,519 INFO - Battery level at end: 100.000
2023-06-14 14:32:33,519 INFO - Completed daily calendar update
2023-06-14 14:32:33,519 INFO - Checking if configured to shutdown safely - Current hour: 14
2023-06-14 14:33:26,297 INFO - Starting daily calendar update
2023-06-14 14:33:26,297 INFO - Battery level at start: 100.000
2023-06-14 14:33:26,297 INFO - Time synchronised to 2023-06-14 14:33:26.297290-07:00
2023-06-14 14:33:26,499 INFO - Calendar events retrieved in 0:00:00.202148
2023-06-14 14:33:28,815 INFO - Screenshot captured and saved to file.
2023-06-14 14:33:29,388 INFO - Image colours processed. Extracted grayscale and red images.
2023-06-14 14:33:29,389 INFO - Battery level at end: 100.000
2023-06-14 14:33:29,389 INFO - Completed daily calendar update
2023-06-14 14:33:29,389 INFO - Checking if configured to shutdown safely - Current hour: 14
2023-06-14 14:55:32,186 INFO - Starting daily calendar update
2023-06-14 14:55:32,187 INFO - Battery level at start: 100.000
2023-06-14 14:55:32,187 INFO - Time synchronised to 2023-06-14 14:55:32.187096-07:00
2023-06-14 14:55:32,406 INFO - Calendar events retrieved in 0:00:00.219122
2023-06-14 14:55:32,406 ERROR - name 'WeatherHelper' is not defined
2023-06-14 14:55:32,406 INFO - Completed daily calendar update
2023-06-14 14:55:32,406 INFO - Checking if configured to shutdown safely - Current hour: 14
2023-06-14 14:55:50,087 INFO - Starting daily calendar update
2023-06-14 14:55:50,087 INFO - Battery level at start: 100.000
2023-06-14 14:55:50,088 INFO - Time synchronised to 2023-06-14 14:55:50.088013-07:00
2023-06-14 14:55:50,258 INFO - Calendar events retrieved in 0:00:00.170193
2023-06-14 14:55:50,258 ERROR - get_weather() missing 3 required positional arguments: 'lat', 'lon', and 'owm_api_key'
2023-06-14 14:55:50,258 INFO - Completed daily calendar update
2023-06-14 14:55:50,258 INFO - Checking if configured to shutdown safely - Current hour: 14
2023-06-14 15:00:52,766 INFO - Starting daily calendar update
2023-06-14 15:00:52,766 INFO - Battery level at start: 100.000
2023-06-14 15:00:52,766 INFO - Time synchronised to 2023-06-14 15:00:52.766861-07:00
2023-06-14 15:00:52,991 INFO - Calendar events retrieved in 0:00:00.224064
2023-06-14 15:00:54,315 INFO - Calendar events retrieved in 0:00:01.324273
2023-06-14 15:00:54,315 ERROR - 'is24hour'
2023-06-14 15:00:54,316 INFO - Completed daily calendar update
2023-06-14 15:00:54,316 INFO - Checking if configured to shutdown safely - Current hour: 15
2023-06-14 15:01:41,751 INFO - Starting daily calendar update
2023-06-14 15:01:41,751 INFO - Battery level at start: 100.000
2023-06-14 15:01:41,751 INFO - Time synchronised to 2023-06-14 15:01:41.751575-07:00
2023-06-14 15:01:42,053 INFO - Calendar events retrieved in 0:00:00.301947
2023-06-14 15:01:42,398 INFO - Calendar events retrieved in 0:00:00.344766
2023-06-14 15:01:42,401 ERROR - tuple indices must be integers or slices, not str
2023-06-14 15:01:42,401 INFO - Completed daily calendar update
2023-06-14 15:01:42,401 INFO - Checking if configured to shutdown safely - Current hour: 15
2023-06-14 15:02:19,861 INFO - Starting daily calendar update
2023-06-14 15:02:19,862 INFO - Battery level at start: 100.000
2023-06-14 15:02:19,862 INFO - Time synchronised to 2023-06-14 15:02:19.862062-07:00
2023-06-14 15:02:20,060 INFO - Calendar events retrieved in 0:00:00.198364
2023-06-14 15:02:20,580 INFO - Calendar events retrieved in 0:00:00.519589
2023-06-14 15:03:37,535 INFO - Starting daily calendar update
2023-06-14 15:03:37,535 INFO - Battery level at start: 100.000
2023-06-14 15:03:37,535 INFO - Time synchronised to 2023-06-14 15:03:37.535413-07:00
2023-06-14 15:03:37,749 INFO - Calendar events retrieved in 0:00:00.214501
2023-06-14 15:03:37,750 INFO - Calendar events retrieved in 0:00:00.000001
2023-06-14 15:03:40,085 INFO - Screenshot captured and saved to file.
2023-06-14 15:03:40,657 INFO - Image colours processed. Extracted grayscale and red images.
2023-06-14 15:03:40,659 INFO - Battery level at end: 100.000
2023-06-14 15:03:54,727 INFO - Starting daily calendar update
2023-06-14 15:03:54,727 INFO - Battery level at start: 100.000
2023-06-14 15:03:54,727 INFO - Time synchronised to 2023-06-14 15:03:54.727500-07:00
2023-06-14 15:03:54,893 INFO - Calendar events retrieved in 0:00:00.166226
2023-06-14 15:03:54,893 INFO - Weather events retrieved in 0:00:00.000002
2023-06-14 15:03:57,210 INFO - Screenshot captured and saved to file.
2023-06-14 15:03:57,784 INFO - Image colours processed. Extracted grayscale and red images.
2023-06-14 15:03:57,786 INFO - Battery level at end: 100.000
2023-06-14 15:09:27,974 INFO - Starting daily calendar update
2023-06-14 15:09:27,974 INFO - Battery level at start: 100.000
2023-06-14 15:09:27,974 INFO - Time synchronised to 2023-06-14 15:09:27.974694-07:00
2023-06-14 15:09:28,181 INFO - Calendar events retrieved in 0:00:00.206531
2023-06-14 15:09:28,571 INFO - Weather events retrieved in 0:00:00.389975
2023-06-14 15:09:30,921 INFO - Screenshot captured and saved to file.
2023-06-14 15:09:31,506 INFO - Image colours processed. Extracted grayscale and red images.
2023-06-14 15:09:31,508 INFO - Battery level at end: 100.000
2023-06-14 15:09:42,641 INFO - Starting daily calendar update
2023-06-14 15:09:42,641 INFO - Battery level at start: 100.000
2023-06-14 15:09:42,641 INFO - Time synchronised to 2023-06-14 15:09:42.641752-07:00
2023-06-14 15:09:42,891 INFO - Calendar events retrieved in 0:00:00.250071
2023-06-14 15:09:43,223 INFO - Weather events retrieved in 0:00:00.331887
2023-06-14 15:09:45,596 INFO - Screenshot captured and saved to file.
2023-06-14 15:09:46,167 INFO - Image colours processed. Extracted grayscale and red images.
2023-06-14 15:09:46,169 INFO - Battery level at end: 100.000
2023-06-14 16:39:21,122 INFO - Starting daily calendar update
2023-06-14 16:39:21,122 INFO - Battery level at start: 100.000
2023-06-14 16:39:21,122 INFO - Time synchronised to 2023-06-14 16:39:21.122863-07:00
2023-06-14 16:39:21,741 INFO - Calendar events retrieved in 0:00:00.618815
2023-06-14 16:39:55,362 INFO - Starting daily calendar update
2023-06-14 16:39:55,362 INFO - Battery level at start: 100.000
2023-06-14 16:39:55,362 INFO - Time synchronised to 2023-06-14 16:39:55.362432-07:00
2023-06-14 16:39:55,936 INFO - Calendar events retrieved in 0:00:00.573752
2023-06-14 16:39:55,936 INFO - Weather events retrieved in 0:00:00.000020
2023-06-14 16:39:58,291 INFO - Screenshot captured and saved to file.
2023-06-14 16:39:58,874 INFO - Image colours processed. Extracted grayscale and red images.
2023-06-14 16:39:58,876 INFO - Battery level at end: 100.000
2023-06-14 16:41:41,426 INFO - Starting daily calendar update
2023-06-14 16:41:41,426 INFO - Battery level at start: 100.000
2023-06-14 16:41:41,426 INFO - Time synchronised to 2023-06-14 16:41:41.426723-07:00
2023-06-14 16:41:42,045 INFO - Calendar events retrieved in 0:00:00.618864
2023-06-14 16:41:42,045 INFO - Weather events retrieved in 0:00:00.000018
2023-06-14 16:41:44,374 INFO - Screenshot captured and saved to file.
2023-06-14 16:41:44,959 INFO - Image colours processed. Extracted grayscale and red images.
2023-06-14 16:41:44,960 INFO - Battery level at end: 100.000
2023-06-14 16:44:02,567 INFO - Starting daily calendar update
2023-06-14 16:44:02,567 INFO - Battery level at start: 100.000
2023-06-14 16:44:02,567 INFO - Time synchronised to 2023-06-14 16:44:02.567693-07:00
2023-06-14 16:44:03,192 INFO - Calendar events retrieved in 0:00:00.624884
2023-06-14 16:44:03,659 INFO - Weather events retrieved in 0:00:00.466751
2023-06-14 16:44:06,002 INFO - Screenshot captured and saved to file.
2023-06-14 16:44:06,595 INFO - Image colours processed. Extracted grayscale and red images.
2023-06-14 16:44:06,597 INFO - Battery level at end: 100.000
